[38;5;6mmariadb [38;5;5m16:56:14.38 [0m[38;5;2mINFO [0m ==> 
[38;5;6mmariadb [38;5;5m16:56:14.38 [0m[38;5;2mINFO [0m ==> [1mWelcome to the Bitnami mariadb container[0m
[38;5;6mmariadb [38;5;5m16:56:14.38 [0m[38;5;2mINFO [0m ==> Subscribe to project updates by watching [1mhttps://github.com/bitnami/containers[0m
[38;5;6mmariadb [38;5;5m16:56:14.39 [0m[38;5;2mINFO [0m ==> Submit issues and feature requests at [1mhttps://github.com/bitnami/containers/issues[0m
[38;5;6mmariadb [38;5;5m16:56:14.39 [0m[38;5;2mINFO [0m ==> Upgrade to Tanzu Application Catalog for production environments to access custom-configured and pre-packaged software components. Gain enhanced features, including Software Bill of Materials (SBOM), CVE scan result reports, and VEX documents. To learn more, visit [1mhttps://bitnami.com/enterprise[0m
[38;5;6mmariadb [38;5;5m16:56:14.39 [0m[38;5;2mINFO [0m ==> 
[38;5;6mmariadb [38;5;5m16:56:14.39 [0m[38;5;2mINFO [0m ==> ** Starting MariaDB setup **
[38;5;6mmariadb [38;5;5m16:56:14.41 [0m[38;5;2mINFO [0m ==> Validating settings in MYSQL_*/MARIADB_* env vars
[38;5;6mmariadb [38;5;5m16:56:14.41 [0m[38;5;3mWARN [0m ==> You set the environment variable ALLOW_EMPTY_PASSWORD=yes. For safety reasons, do not use this flag in a production environment.
[38;5;6mmariadb [38;5;5m16:56:14.42 [0m[38;5;2mINFO [0m ==> Initializing mariadb database
[38;5;6mmariadb [38;5;5m16:56:14.43 [0m[38;5;2mINFO [0m ==> Updating 'my.cnf' with custom configuration
[38;5;6mmariadb [38;5;5m16:56:14.43 [0m[38;5;2mINFO [0m ==> Setting user option
[38;5;6mmariadb [38;5;5m16:56:14.45 [0m[38;5;2mINFO [0m ==> Setting slow_query_log option
[38;5;6mmariadb [38;5;5m16:56:14.45 [0m[38;5;2mINFO [0m ==> Setting long_query_time option
[38;5;6mmariadb [38;5;5m16:56:14.46 [0m[38;5;2mINFO [0m ==> Using persisted data
/opt/bitnami/mariadb/bin/mysql: Deprecated program name. It will be removed in a future release, use '/opt/bitnami/mariadb/bin/mariadb' instead
/opt/bitnami/mariadb/bin/mysql: Deprecated program name. It will be removed in a future release, use '/opt/bitnami/mariadb/bin/mariadb' instead
/opt/bitnami/mariadb/bin/mysql: Deprecated program name. It will be removed in a future release, use '/opt/bitnami/mariadb/bin/mariadb' instead
[38;5;6mmariadb [38;5;5m16:56:14.49 [0m[38;5;2mINFO [0m ==> Running mysql_upgrade
[38;5;6mmariadb [38;5;5m16:56:14.49 [0m[38;5;2mINFO [0m ==> Starting mariadb in background
2024-04-25 16:56:14 0 [Note] Starting MariaDB 11.3.2-MariaDB source revision 068a6819eb63bcb01fdfa037c9bf3bf63c33ee42 as process 69
2024-04-25 16:56:14 0 [Note] InnoDB: Compressed tables use zlib 1.2.13
2024-04-25 16:56:14 0 [Note] InnoDB: Number of transaction pools: 1
2024-04-25 16:56:14 0 [Note] InnoDB: Using crc32 + pclmulqdq instructions
2024-04-25 16:56:14 0 [Note] mysqld: O_TMPFILE is not supported on /opt/bitnami/mariadb/tmp (disabling future attempts)
2024-04-25 16:56:14 0 [Note] InnoDB: Using Linux native AIO
2024-04-25 16:56:14 0 [Note] InnoDB: Initializing buffer pool, total size = 128.000MiB, chunk size = 2.000MiB
2024-04-25 16:56:14 0 [Note] InnoDB: Completed initialization of buffer pool
2024-04-25 16:56:14 0 [Note] InnoDB: File system buffers for log disabled (block size=512 bytes)
2024-04-25 16:56:14 0 [Note] InnoDB: End of log at LSN=7091897
2024-04-25 16:56:14 0 [Note] InnoDB: Opened 3 undo tablespaces
2024-04-25 16:56:14 0 [Note] InnoDB: 128 rollback segments in 3 undo tablespaces are active.
2024-04-25 16:56:14 0 [Note] InnoDB: Setting file './ibtmp1' size to 12.000MiB. Physically writing the file full; Please wait ...
2024-04-25 16:56:14 0 [Note] InnoDB: File './ibtmp1' size is now 12.000MiB.
2024-04-25 16:56:14 0 [Note] InnoDB: log sequence number 7091897; transaction id 11091
2024-04-25 16:56:14 0 [Note] Plugin 'FEEDBACK' is disabled.
2024-04-25 16:56:14 0 [Note] Plugin 'wsrep-provider' is disabled.
2024-04-25 16:56:14 0 [Note] InnoDB: Loading buffer pool(s) from /bitnami/mariadb/data/ib_buffer_pool
2024-04-25 16:56:14 0 [Note] Server socket created on IP: '127.0.0.1'.
2024-04-25 16:56:14 0 [Warning] 'proxies_priv' entry '@% root@0fde05f4aae6' ignored in --skip-name-resolve mode.
2024-04-25 16:56:14 0 [Note] mysqld: Event Scheduler: Loaded 0 events
2024-04-25 16:56:14 0 [Note] /opt/bitnami/mariadb/sbin/mysqld: ready for connections.
Version: '11.3.2-MariaDB'  socket: '/opt/bitnami/mariadb/tmp/mysql.sock'  port: 3306  Source distribution
2024-04-25 16:56:14 0 [Note] InnoDB: Buffer pool(s) load completed at 240425 16:56:14
find: '/docker-entrypoint-startdb.d/': No such file or directory
[38;5;6mmariadb [38;5;5m16:56:16.53 [0m[38;5;2mINFO [0m ==> Stopping mariadb
2024-04-25 16:56:16 0 [Note] /opt/bitnami/mariadb/sbin/mysqld (initiated by: unknown): Normal shutdown
2024-04-25 16:56:16 0 [Note] InnoDB: FTS optimize thread exiting.
2024-04-25 16:56:16 0 [Note] InnoDB: Starting shutdown...
2024-04-25 16:56:16 0 [Note] InnoDB: Dumping buffer pool(s) to /bitnami/mariadb/data/ib_buffer_pool
2024-04-25 16:56:16 0 [Note] InnoDB: Buffer pool(s) dump completed at 240425 16:56:16
2024-04-25 16:56:16 0 [Note] InnoDB: Removed temporary tablespace data file: "./ibtmp1"
2024-04-25 16:56:16 0 [Note] InnoDB: Shutdown completed; log sequence number 7091897; transaction id 11092
2024-04-25 16:56:16 0 [Note] /opt/bitnami/mariadb/sbin/mysqld: Shutdown complete

[38;5;6mmariadb [38;5;5m16:56:17.55 [0m[38;5;2mINFO [0m ==> ** MariaDB setup finished! **

[38;5;6mmariadb [38;5;5m16:56:17.58 [0m[38;5;2mINFO [0m ==> ** Starting MariaDB **
/opt/bitnami/mariadb/sbin/mysqld: Deprecated program name. It will be removed in a future release, use '/opt/bitnami/mariadb/sbin/mariadbd' instead
2024-04-25 16:56:17 0 [Note] Starting MariaDB 11.3.2-MariaDB source revision 068a6819eb63bcb01fdfa037c9bf3bf63c33ee42 as process 1
2024-04-25 16:56:17 0 [Note] InnoDB: Compressed tables use zlib 1.2.13
2024-04-25 16:56:17 0 [Note] InnoDB: Number of transaction pools: 1
2024-04-25 16:56:17 0 [Note] InnoDB: Using crc32 + pclmulqdq instructions
2024-04-25 16:56:17 0 [Note] mysqld: O_TMPFILE is not supported on /opt/bitnami/mariadb/tmp (disabling future attempts)
2024-04-25 16:56:17 0 [Note] InnoDB: Using Linux native AIO
2024-04-25 16:56:17 0 [Note] InnoDB: Initializing buffer pool, total size = 128.000MiB, chunk size = 2.000MiB
2024-04-25 16:56:17 0 [Note] InnoDB: Completed initialization of buffer pool
2024-04-25 16:56:17 0 [Note] InnoDB: File system buffers for log disabled (block size=512 bytes)
2024-04-25 16:56:17 0 [Note] InnoDB: End of log at LSN=7091897
2024-04-25 16:56:17 0 [Note] InnoDB: Opened 3 undo tablespaces
2024-04-25 16:56:17 0 [Note] InnoDB: 128 rollback segments in 3 undo tablespaces are active.
2024-04-25 16:56:17 0 [Note] InnoDB: Setting file './ibtmp1' size to 12.000MiB. Physically writing the file full; Please wait ...
2024-04-25 16:56:17 0 [Note] InnoDB: File './ibtmp1' size is now 12.000MiB.
2024-04-25 16:56:17 0 [Note] InnoDB: log sequence number 7091897; transaction id 11091
2024-04-25 16:56:17 0 [Note] Plugin 'FEEDBACK' is disabled.
2024-04-25 16:56:17 0 [Note] Plugin 'wsrep-provider' is disabled.
2024-04-25 16:56:17 0 [Note] InnoDB: Loading buffer pool(s) from /bitnami/mariadb/data/ib_buffer_pool
2024-04-25 16:56:17 0 [Note] Server socket created on IP: '0.0.0.0'.
2024-04-25 16:56:17 0 [Warning] 'proxies_priv' entry '@% root@0fde05f4aae6' ignored in --skip-name-resolve mode.
2024-04-25 16:56:17 0 [Note] mysqld: Event Scheduler: Loaded 0 events
2024-04-25 16:56:17 0 [Note] /opt/bitnami/mariadb/sbin/mysqld: ready for connections.
Version: '11.3.2-MariaDB'  socket: '/opt/bitnami/mariadb/tmp/mysql.sock'  port: 3306  Source distribution
2024-04-25 16:56:17 0 [Note] InnoDB: Buffer pool(s) load completed at 240425 16:56:17
2024-04-25 16:56:56 0 [Note] /opt/bitnami/mariadb/sbin/mysqld (initiated by: unknown): Normal shutdown
2024-04-25 16:56:56 0 [Note] InnoDB: FTS optimize thread exiting.
2024-04-25 16:56:56 0 [Note] InnoDB: Starting shutdown...
2024-04-25 16:56:56 0 [Note] InnoDB: Dumping buffer pool(s) to /bitnami/mariadb/data/ib_buffer_pool
2024-04-25 16:56:56 0 [Note] InnoDB: Buffer pool(s) dump completed at 240425 16:56:56
2024-04-25 16:56:57 0 [Note] InnoDB: Removed temporary tablespace data file: "./ibtmp1"
2024-04-25 16:56:57 0 [Note] InnoDB: Shutdown completed; log sequence number 7092472; transaction id 11140
2024-04-25 16:56:57 0 [Note] /opt/bitnami/mariadb/sbin/mysqld: Shutdown complete

[38;5;6mmariadb [38;5;5m17:04:38.03 [0m[38;5;2mINFO [0m ==> 
[38;5;6mmariadb [38;5;5m17:04:38.03 [0m[38;5;2mINFO [0m ==> [1mWelcome to the Bitnami mariadb container[0m
[38;5;6mmariadb [38;5;5m17:04:38.03 [0m[38;5;2mINFO [0m ==> Subscribe to project updates by watching [1mhttps://github.com/bitnami/containers[0m
[38;5;6mmariadb [38;5;5m17:04:38.03 [0m[38;5;2mINFO [0m ==> Submit issues and feature requests at [1mhttps://github.com/bitnami/containers/issues[0m
[38;5;6mmariadb [38;5;5m17:04:38.03 [0m[38;5;2mINFO [0m ==> Upgrade to Tanzu Application Catalog for production environments to access custom-configured and pre-packaged software components. Gain enhanced features, including Software Bill of Materials (SBOM), CVE scan result reports, and VEX documents. To learn more, visit [1mhttps://bitnami.com/enterprise[0m
[38;5;6mmariadb [38;5;5m17:04:38.03 [0m[38;5;2mINFO [0m ==> 
[38;5;6mmariadb [38;5;5m17:04:38.04 [0m[38;5;2mINFO [0m ==> ** Starting MariaDB setup **
[38;5;6mmariadb [38;5;5m17:04:38.05 [0m[38;5;2mINFO [0m ==> Validating settings in MYSQL_*/MARIADB_* env vars
[38;5;6mmariadb [38;5;5m17:04:38.05 [0m[38;5;3mWARN [0m ==> You set the environment variable ALLOW_EMPTY_PASSWORD=yes. For safety reasons, do not use this flag in a production environment.
[38;5;6mmariadb [38;5;5m17:04:38.06 [0m[38;5;2mINFO [0m ==> Initializing mariadb database
[38;5;6mmariadb [38;5;5m17:04:38.06 [0m[38;5;2mINFO [0m ==> Updating 'my.cnf' with custom configuration
[38;5;6mmariadb [38;5;5m17:04:38.07 [0m[38;5;2mINFO [0m ==> Setting user option
[38;5;6mmariadb [38;5;5m17:04:38.08 [0m[38;5;2mINFO [0m ==> Setting slow_query_log option
[38;5;6mmariadb [38;5;5m17:04:38.08 [0m[38;5;2mINFO [0m ==> Setting long_query_time option
[38;5;6mmariadb [38;5;5m17:04:38.09 [0m[38;5;2mINFO [0m ==> Using persisted data
/opt/bitnami/mariadb/bin/mysql: Deprecated program name. It will be removed in a future release, use '/opt/bitnami/mariadb/bin/mariadb' instead
/opt/bitnami/mariadb/bin/mysql: Deprecated program name. It will be removed in a future release, use '/opt/bitnami/mariadb/bin/mariadb' instead
/opt/bitnami/mariadb/bin/mysql: Deprecated program name. It will be removed in a future release, use '/opt/bitnami/mariadb/bin/mariadb' instead
[38;5;6mmariadb [38;5;5m17:04:38.12 [0m[38;5;2mINFO [0m ==> Running mysql_upgrade
[38;5;6mmariadb [38;5;5m17:04:38.12 [0m[38;5;2mINFO [0m ==> Starting mariadb in background
2024-04-25 17:04:38 0 [Note] Starting MariaDB 11.3.2-MariaDB source revision 068a6819eb63bcb01fdfa037c9bf3bf63c33ee42 as process 68
2024-04-25 17:04:38 0 [Note] InnoDB: Compressed tables use zlib 1.2.13
2024-04-25 17:04:38 0 [Note] InnoDB: Number of transaction pools: 1
2024-04-25 17:04:38 0 [Note] InnoDB: Using crc32 + pclmulqdq instructions
2024-04-25 17:04:38 0 [Note] mysqld: O_TMPFILE is not supported on /opt/bitnami/mariadb/tmp (disabling future attempts)
2024-04-25 17:04:38 0 [Note] InnoDB: Using Linux native AIO
2024-04-25 17:04:38 0 [Note] InnoDB: Initializing buffer pool, total size = 128.000MiB, chunk size = 2.000MiB
2024-04-25 17:04:38 0 [Note] InnoDB: Completed initialization of buffer pool
2024-04-25 17:04:38 0 [Note] InnoDB: File system buffers for log disabled (block size=512 bytes)
2024-04-25 17:04:38 0 [Note] InnoDB: End of log at LSN=7092472
2024-04-25 17:04:38 0 [Note] InnoDB: Opened 3 undo tablespaces
2024-04-25 17:04:38 0 [Note] InnoDB: 128 rollback segments in 3 undo tablespaces are active.
2024-04-25 17:04:38 0 [Note] InnoDB: Setting file './ibtmp1' size to 12.000MiB. Physically writing the file full; Please wait ...
2024-04-25 17:04:38 0 [Note] InnoDB: File './ibtmp1' size is now 12.000MiB.
2024-04-25 17:04:38 0 [Note] InnoDB: log sequence number 7092472; transaction id 11140
2024-04-25 17:04:38 0 [Note] Plugin 'FEEDBACK' is disabled.
2024-04-25 17:04:38 0 [Note] Plugin 'wsrep-provider' is disabled.
2024-04-25 17:04:38 0 [Note] InnoDB: Loading buffer pool(s) from /bitnami/mariadb/data/ib_buffer_pool
2024-04-25 17:04:38 0 [Note] Server socket created on IP: '127.0.0.1'.
2024-04-25 17:04:38 0 [Warning] 'proxies_priv' entry '@% root@0fde05f4aae6' ignored in --skip-name-resolve mode.
2024-04-25 17:04:38 0 [Note] mysqld: Event Scheduler: Loaded 0 events
2024-04-25 17:04:38 0 [Note] /opt/bitnami/mariadb/sbin/mysqld: ready for connections.
Version: '11.3.2-MariaDB'  socket: '/opt/bitnami/mariadb/tmp/mysql.sock'  port: 3306  Source distribution
2024-04-25 17:04:38 0 [Note] InnoDB: Buffer pool(s) load completed at 240425 17:04:38
find: '/docker-entrypoint-startdb.d/': No such file or directory
[38;5;6mmariadb [38;5;5m17:04:40.18 [0m[38;5;2mINFO [0m ==> Stopping mariadb
2024-04-25 17:04:40 0 [Note] /opt/bitnami/mariadb/sbin/mysqld (initiated by: unknown): Normal shutdown
2024-04-25 17:04:40 0 [Note] InnoDB: FTS optimize thread exiting.
2024-04-25 17:04:40 0 [Note] InnoDB: Starting shutdown...
2024-04-25 17:04:40 0 [Note] InnoDB: Dumping buffer pool(s) to /bitnami/mariadb/data/ib_buffer_pool
2024-04-25 17:04:40 0 [Note] InnoDB: Buffer pool(s) dump completed at 240425 17:04:40
2024-04-25 17:04:40 0 [Note] InnoDB: Removed temporary tablespace data file: "./ibtmp1"
2024-04-25 17:04:40 0 [Note] InnoDB: Shutdown completed; log sequence number 7092472; transaction id 11141
2024-04-25 17:04:40 0 [Note] /opt/bitnami/mariadb/sbin/mysqld: Shutdown complete


[38;5;6mmariadb [38;5;5m17:04:41.21 [0m[38;5;2mINFO [0m ==> ** MariaDB setup finished! **
[38;5;6mmariadb [38;5;5m17:04:41.28 [0m[38;5;2mINFO [0m ==> ** Starting MariaDB **
/opt/bitnami/mariadb/sbin/mysqld: Deprecated program name. It will be removed in a future release, use '/opt/bitnami/mariadb/sbin/mariadbd' instead
2024-04-25 17:04:41 0 [Note] Starting MariaDB 11.3.2-MariaDB source revision 068a6819eb63bcb01fdfa037c9bf3bf63c33ee42 as process 1
2024-04-25 17:04:41 0 [Note] InnoDB: Compressed tables use zlib 1.2.13
2024-04-25 17:04:41 0 [Note] InnoDB: Number of transaction pools: 1
2024-04-25 17:04:41 0 [Note] InnoDB: Using crc32 + pclmulqdq instructions
2024-04-25 17:04:41 0 [Note] mysqld: O_TMPFILE is not supported on /opt/bitnami/mariadb/tmp (disabling future attempts)
2024-04-25 17:04:41 0 [Note] InnoDB: Using Linux native AIO
2024-04-25 17:04:41 0 [Note] InnoDB: Initializing buffer pool, total size = 128.000MiB, chunk size = 2.000MiB
2024-04-25 17:04:41 0 [Note] InnoDB: Completed initialization of buffer pool
2024-04-25 17:04:41 0 [Note] InnoDB: File system buffers for log disabled (block size=512 bytes)
2024-04-25 17:04:41 0 [Note] InnoDB: End of log at LSN=7092472
2024-04-25 17:04:41 0 [Note] InnoDB: Opened 3 undo tablespaces
2024-04-25 17:04:41 0 [Note] InnoDB: 128 rollback segments in 3 undo tablespaces are active.
2024-04-25 17:04:41 0 [Note] InnoDB: Setting file './ibtmp1' size to 12.000MiB. Physically writing the file full; Please wait ...
2024-04-25 17:04:41 0 [Note] InnoDB: File './ibtmp1' size is now 12.000MiB.
2024-04-25 17:04:41 0 [Note] InnoDB: log sequence number 7092472; transaction id 11140
2024-04-25 17:04:41 0 [Note] InnoDB: Loading buffer pool(s) from /bitnami/mariadb/data/ib_buffer_pool
2024-04-25 17:04:41 0 [Note] Plugin 'FEEDBACK' is disabled.
2024-04-25 17:04:41 0 [Note] Plugin 'wsrep-provider' is disabled.
2024-04-25 17:04:41 0 [Note] Server socket created on IP: '0.0.0.0'.
2024-04-25 17:04:41 0 [Warning] 'proxies_priv' entry '@% root@0fde05f4aae6' ignored in --skip-name-resolve mode.
2024-04-25 17:04:41 0 [Note] mysqld: Event Scheduler: Loaded 0 events
2024-04-25 17:04:41 0 [Note] /opt/bitnami/mariadb/sbin/mysqld: ready for connections.
Version: '11.3.2-MariaDB'  socket: '/opt/bitnami/mariadb/tmp/mysql.sock'  port: 3306  Source distribution
2024-04-25 17:04:41 0 [Note] InnoDB: Buffer pool(s) load completed at 240425 17:04:41
